<?xml version="1.0" encoding="UTF-8"?>
<!-- Generated by org.testng.reporters.JUnitXMLReporter -->
<testsuite ignored="0" hostname="PallaviReddy" failures="6" tests="7" name="VelMeni Automation" time="153.058" errors="0" timestamp="2022-10-13T16:39:31 IST">
  <testcase classname="Tests.LoginLogout" name="loginflow" time="0.051">
    <failure type="java.lang.NullPointerException">
      <![CDATA[java.lang.NullPointerException
at Tests.LoginLogout.loginflow(loginPage.java:37)
at java.base/java.util.ArrayList.forEach(ArrayList.java:1541)
at com.intellij.rt.testng.IDEARemoteTestNG.run(IDEARemoteTestNG.java:66)
at com.intellij.rt.testng.RemoteTestNGStarter.main(RemoteTestNGStarter.java:109)
... Removed 24 stack frames]]>
    </failure>
  </testcase> <!-- loginflow -->
  <testcase classname="Tests.LoginLogout" name="logoutflow" time="0.011">
    <failure type="java.lang.NullPointerException">
      <![CDATA[java.lang.NullPointerException
at Tests.LoginLogout.logoutflow(loginPage.java:42)
at java.base/java.util.ArrayList.forEach(ArrayList.java:1541)
at com.intellij.rt.testng.IDEARemoteTestNG.run(IDEARemoteTestNG.java:66)
at com.intellij.rt.testng.RemoteTestNGStarter.main(RemoteTestNGStarter.java:109)
... Removed 24 stack frames]]>
    </failure>
  </testcase> <!-- logoutflow -->
  <testcase classname="Tests.AddPatient" name="AddPatient" time="0.135">
    <failure type="java.lang.NullPointerException">
        <![CDATA[java.lang.NullPointerException
at Tests.AddPatient.AddPatient(AddPatient.java:32)
at java.base/java.util.ArrayList.forEach(ArrayList.java:1541)
at com.intellij.rt.testng.IDEARemoteTestNG.run(IDEARemoteTestNG.java:66)
at com.intellij.rt.testng.RemoteTestNGStarter.main(RemoteTestNGStarter.java:109)
... Removed 24 stack frames]]>
    </failure>
  </testcase> <!-- AddPatient -->
  <testcase classname="Tests.Chatbot" name="ChatBot" time="61.163"/>
  <testcase classname="Tests.UploadAndAnalyse" name="UploadAndAnalyze" time="14.572">
    <failure type="org.openqa.selenium.InvalidArgumentException" message="invalid argument: File not found : R:/Velmeni/webapp-automation/resources/bitewing1.jpeg
  (Session info: chrome=106.0.5249.103)
Build info: version: &amp;apos;4.4.0&amp;apos;, revision: &amp;apos;e5c75ed026a&amp;apos;
System info: host: &amp;apos;PALLAVIREDDY&amp;apos;, ip: &amp;apos;192.168.0.139&amp;apos;, os.name: &amp;apos;Windows 11&amp;apos;, os.arch: &amp;apos;amd64&amp;apos;, os.version: &amp;apos;10.0&amp;apos;, java.version: &amp;apos;11.0.15.1&amp;apos;
Driver info: org.openqa.selenium.chrome.ChromeDriver
Command: [45197828d12cce24a7ca8b4ea76ce4f6, sendKeysToElement {id=b1b5fb2e-36dc-497b-b499-446934dc32aa, value=[Ljava.lang.CharSequence;@7c369270}]
Capabilities {acceptInsecureCerts: false, browserName: chrome, browserVersion: 106.0.5249.103, chrome: {chromedriverVersion: 106.0.5249.61 (511755355844..., userDataDir: C:\Users\palla\AppData\Loca...}, goog:chromeOptions: {debuggerAddress: localhost:63226}, networkConnectionEnabled: false, pageLoadStrategy: normal, platformName: WINDOWS, proxy: Proxy(), se:cdp: ws://localhost:63226/devtoo..., se:cdpVersion: 106.0.5249.103, setWindowRect: true, strictFileInteractability: false, timeouts: {implicit: 0, pageLoad: 300000, script: 30000}, unhandledPromptBehavior: dismiss and notify, webauthn:extension:credBlob: true, webauthn:extension:largeBlob: true, webauthn:virtualAuthenticators: true}
Element: [[ChromeDriver: chrome on WINDOWS (45197828d12cce24a7ca8b4ea76ce4f6)] -&amp;gt; xpath: //*[@id=&amp;quot;undefined&amp;quot;]]
Session ID: 45197828d12cce24a7ca8b4ea76ce4f6">
      <![CDATA[org.openqa.selenium.InvalidArgumentException: invalid argument: File not found : R:/Velmeni/webapp-automation/resources/bitewing1.jpeg
  (Session info: chrome=106.0.5249.103)
Build info: version: '4.4.0', revision: 'e5c75ed026a'
System info: host: 'PALLAVIREDDY', ip: '192.168.0.139', os.name: 'Windows 11', os.arch: 'amd64', os.version: '10.0', java.version: '11.0.15.1'
Driver info: org.openqa.selenium.chrome.ChromeDriver
Command: [45197828d12cce24a7ca8b4ea76ce4f6, sendKeysToElement {id=b1b5fb2e-36dc-497b-b499-446934dc32aa, value=[Ljava.lang.CharSequence;@7c369270}]
Capabilities {acceptInsecureCerts: false, browserName: chrome, browserVersion: 106.0.5249.103, chrome: {chromedriverVersion: 106.0.5249.61 (511755355844..., userDataDir: C:\Users\palla\AppData\Loca...}, goog:chromeOptions: {debuggerAddress: localhost:63226}, networkConnectionEnabled: false, pageLoadStrategy: normal, platformName: WINDOWS, proxy: Proxy(), se:cdp: ws://localhost:63226/devtoo..., se:cdpVersion: 106.0.5249.103, setWindowRect: true, strictFileInteractability: false, timeouts: {implicit: 0, pageLoad: 300000, script: 30000}, unhandledPromptBehavior: dismiss and notify, webauthn:extension:credBlob: true, webauthn:extension:largeBlob: true, webauthn:virtualAuthenticators: true}
Element: [[ChromeDriver: chrome on WINDOWS (45197828d12cce24a7ca8b4ea76ce4f6)] -> xpath: //*[@id="undefined"]]
Session ID: 45197828d12cce24a7ca8b4ea76ce4f6
at org.openqa.selenium.remote.codec.w3c.W3CHttpResponseCodec.createException(W3CHttpResponseCodec.java:200)
at org.openqa.selenium.remote.codec.w3c.W3CHttpResponseCodec.decode(W3CHttpResponseCodec.java:133)
at org.openqa.selenium.remote.codec.w3c.W3CHttpResponseCodec.decode(W3CHttpResponseCodec.java:53)
at org.openqa.selenium.remote.HttpCommandExecutor.execute(HttpCommandExecutor.java:184)
at org.openqa.selenium.remote.service.DriverCommandExecutor.invokeExecute(DriverCommandExecutor.java:167)
at org.openqa.selenium.remote.service.DriverCommandExecutor.execute(DriverCommandExecutor.java:142)
at org.openqa.selenium.remote.RemoteWebDriver.execute(RemoteWebDriver.java:547)
at org.openqa.selenium.remote.RemoteWebElement.execute(RemoteWebElement.java:257)
at org.openqa.selenium.remote.RemoteWebElement.sendKeys(RemoteWebElement.java:113)
at Utils.SecondDentistUtils.uploadAndAnalyzeFlow(SecondDentistUtils.java:88)
at Tests.UploadAndAnalyse.UploadAndAnalyze(UploadAnalyse.java:35)
at java.base/java.util.ArrayList.forEach(ArrayList.java:1541)
at com.intellij.rt.testng.IDEARemoteTestNG.run(IDEARemoteTestNG.java:66)
at com.intellij.rt.testng.RemoteTestNGStarter.main(RemoteTestNGStarter.java:109)
... Removed 28 stack frames]]>
    </failure>
  </testcase> <!-- UploadAndAnalyze -->
  <testcase classname="Tests.Settings" name="settingsFlow" time="0.015">
    <failure type="java.lang.NullPointerException">
        <![CDATA[java.lang.NullPointerException
at Tests.Settings.settingsFlow(Settings.java:42)
at java.base/java.util.ArrayList.forEach(ArrayList.java:1541)
at com.intellij.rt.testng.IDEARemoteTestNG.run(IDEARemoteTestNG.java:66)
at com.intellij.rt.testng.RemoteTestNGStarter.main(RemoteTestNGStarter.java:109)
... Removed 24 stack frames]]>
    </failure>
  </testcase> <!-- settingsFlow -->
  <testcase classname="Tests.Support" name="supportFlow" time="0.016">
    <failure type="java.lang.NullPointerException">
        <![CDATA[java.lang.NullPointerException
at Tests.Support.supportFlow(Support.java:42)
at java.base/java.util.ArrayList.forEach(ArrayList.java:1541)
at com.intellij.rt.testng.IDEARemoteTestNG.run(IDEARemoteTestNG.java:66)
at com.intellij.rt.testng.RemoteTestNGStarter.main(RemoteTestNGStarter.java:109)
... Removed 24 stack frames]]>
    </failure>
  </testcase> <!-- supportFlow -->
</testsuite> <!-- VelMeni Automation -->
